<?xml version="1.0" encoding="UTF-8"?>
<coverage generated="1764297955305" clover="3.2.0">
  <project timestamp="1764297955305" name="All files">
    <metrics statements="18" coveredstatements="18" conditionals="2" coveredconditionals="2" methods="7" coveredmethods="7" elements="27" coveredelements="27" complexity="0" loc="18" ncloc="18" packages="1" files="4" classes="4"/>
    <file name="Button.jsx" path="C:\GitHub\COMP229-2025-003\jest-react-app\src\Button.jsx">
      <metrics statements="1" coveredstatements="1" conditionals="0" coveredconditionals="0" methods="1" coveredmethods="1"/>
      <line num="4" count="1" type="stmt"/>
    </file>
    <file name="Counter.jsx" path="C:\GitHub\COMP229-2025-003\jest-react-app\src\Counter.jsx">
      <metrics statements="4" coveredstatements="4" conditionals="0" coveredconditionals="0" methods="2" coveredmethods="2"/>
      <line num="5" count="1" type="stmt"/>
      <line num="7" count="2" type="stmt"/>
      <line num="9" count="2" type="stmt"/>
      <line num="15" count="1" type="stmt"/>
    </file>
    <file name="Input.jsx" path="C:\GitHub\COMP229-2025-003\jest-react-app\src\Input.jsx">
      <metrics statements="3" coveredstatements="3" conditionals="0" coveredconditionals="0" methods="1" coveredmethods="1"/>
      <line num="8" count="1" type="stmt"/>
      <line num="10" count="1" type="stmt"/>
      <line num="25" count="1" type="stmt"/>
    </file>
    <file name="User.jsx" path="C:\GitHub\COMP229-2025-003\jest-react-app\src\User.jsx">
      <metrics statements="10" coveredstatements="10" conditionals="2" coveredconditionals="2" methods="3" coveredmethods="3"/>
      <line num="6" count="1" type="stmt"/>
      <line num="7" count="2" type="stmt"/>
      <line num="9" count="2" type="stmt"/>
      <line num="10" count="1" type="stmt"/>
      <line num="11" count="1" type="stmt"/>
      <line num="12" count="1" type="stmt"/>
      <line num="14" count="1" type="stmt"/>
      <line num="17" count="2" type="cond" truecount="2" falsecount="0"/>
      <line num="18" count="1" type="stmt"/>
      <line num="21" count="1" type="stmt"/>
    </file>
  </project>
</coverage>
