{"C:\\GitHub\\COMP229-2025-003\\jest-react-app\\src\\Button.jsx": {"path":"C:\\GitHub\\COMP229-2025-003\\jest-react-app\\src\\Button.jsx","statementMap":{"0":{"start":{"line":4,"column":15},"end":{"line":4,"column":54}},"1":{"start":{"line":4,"column":30},"end":{"line":4,"column":54}}},"fnMap":{"0":{"name":"(anonymous_0)","decl":{"start":{"line":4,"column":15},"end":{"line":4,"column":16}},"loc":{"start":{"line":4,"column":30},"end":{"line":4,"column":54}},"line":4}},"branchMap":{},"s":{"0":1,"1":1},"f":{"0":1},"b":{},"_coverageSchema":"1a1c01bbd47fc00a2c39e90264f33305004495a9","hash":"5513af071ef1fac1d79f221edd7447de04aa71b4"}
,"C:\\GitHub\\COMP229-2025-003\\jest-react-app\\src\\Counter.jsx": {"path":"C:\\GitHub\\COMP229-2025-003\\jest-react-app\\src\\Counter.jsx","statementMap":{"0":{"start":{"line":5,"column":16},"end":{"line":21,"column":1}},"1":{"start":{"line":7,"column":28},"end":{"line":7,"column":39}},"2":{"start":{"line":9,"column":2},"end":{"line":19,"column":4}},"3":{"start":{"line":15,"column":29},"end":{"line":15,"column":48}}},"fnMap":{"0":{"name":"(anonymous_0)","decl":{"start":{"line":5,"column":16},"end":{"line":5,"column":17}},"loc":{"start":{"line":5,"column":22},"end":{"line":21,"column":1}},"line":5},"1":{"name":"(anonymous_1)","decl":{"start":{"line":15,"column":23},"end":{"line":15,"column":24}},"loc":{"start":{"line":15,"column":29},"end":{"line":15,"column":48}},"line":15}},"branchMap":{},"s":{"0":1,"1":2,"2":2,"3":1},"f":{"0":2,"1":1},"b":{},"_coverageSchema":"1a1c01bbd47fc00a2c39e90264f33305004495a9","hash":"e1a474d73475bd0dda49ba9781a1e3ea5de0872e"}
,"C:\\GitHub\\COMP229-2025-003\\jest-react-app\\src\\Input.jsx": {"path":"C:\\GitHub\\COMP229-2025-003\\jest-react-app\\src\\Input.jsx","statementMap":{"0":{"start":{"line":8,"column":14},"end":{"line":22,"column":1}},"1":{"start":{"line":10,"column":2},"end":{"line":20,"column":4}},"2":{"start":{"line":25,"column":0},"end":{"line":29,"column":2}}},"fnMap":{"0":{"name":"(anonymous_0)","decl":{"start":{"line":8,"column":14},"end":{"line":8,"column":15}},"loc":{"start":{"line":8,"column":39},"end":{"line":22,"column":1}},"line":8}},"branchMap":{},"s":{"0":1,"1":1,"2":1},"f":{"0":1},"b":{},"_coverageSchema":"1a1c01bbd47fc00a2c39e90264f33305004495a9","hash":"0ebb727157c430fcbeb675cc94b6cc10f0861364"}
,"C:\\GitHub\\COMP229-2025-003\\jest-react-app\\src\\User.jsx": {"path":"C:\\GitHub\\COMP229-2025-003\\jest-react-app\\src\\User.jsx","statementMap":{"0":{"start":{"line":6,"column":13},"end":{"line":22,"column":1}},"1":{"start":{"line":7,"column":26},"end":{"line":7,"column":40}},"2":{"start":{"line":9,"column":2},"end":{"line":15,"column":9}},"3":{"start":{"line":10,"column":22},"end":{"line":13,"column":5}},"4":{"start":{"line":11,"column":23},"end":{"line":11,"column":98}},"5":{"start":{"line":12,"column":6},"end":{"line":12,"column":29}},"6":{"start":{"line":14,"column":4},"end":{"line":14,"column":16}},"7":{"start":{"line":17,"column":2},"end":{"line":19,"column":3}},"8":{"start":{"line":18,"column":4},"end":{"line":18,"column":24}},"9":{"start":{"line":21,"column":2},"end":{"line":21,"column":39}}},"fnMap":{"0":{"name":"(anonymous_0)","decl":{"start":{"line":6,"column":13},"end":{"line":6,"column":14}},"loc":{"start":{"line":6,"column":19},"end":{"line":22,"column":1}},"line":6},"1":{"name":"(anonymous_1)","decl":{"start":{"line":9,"column":12},"end":{"line":9,"column":13}},"loc":{"start":{"line":9,"column":18},"end":{"line":15,"column":3}},"line":9},"2":{"name":"(anonymous_2)","decl":{"start":{"line":10,"column":22},"end":{"line":10,"column":23}},"loc":{"start":{"line":10,"column":34},"end":{"line":13,"column":5}},"line":10}},"branchMap":{"0":{"loc":{"start":{"line":17,"column":2},"end":{"line":19,"column":3}},"type":"if","locations":[{"start":{"line":17,"column":2},"end":{"line":19,"column":3}},{"start":{},"end":{}}],"line":17}},"s":{"0":1,"1":2,"2":2,"3":1,"4":1,"5":1,"6":1,"7":2,"8":1,"9":1},"f":{"0":2,"1":1,"2":1},"b":{"0":[1,1]},"_coverageSchema":"1a1c01bbd47fc00a2c39e90264f33305004495a9","hash":"81184943ba9630d520cfdbf7c7178cb116c68d3a"}
}
